Using pre-set license
Built from '2020.3/staging' branch; Version is '2020.3.3f1 (76626098c1c4) revision 7758432'; Using compiler version '192528614'; Build Type 'Release'
OS: 'Windows 10 Enterprise; OS build 18363.1441; Version 1909; 64bit' Language: 'en' Physical Memory: 16303 MB
BatchMode: 1, IsHumanControllingUs: 0, StartBugReporterOnCrash: 0, Is64bit: 1, IsPro: 0

 COMMAND LINE ARGUMENTS:
C:\Program Files\Unity\Hub\Editor\2020.3.3f1\Editor\Unity.exe
-adb2
-batchMode
-noUpm
-name
AssetImportWorker0
-projectPath
C:/Users/uie00183/New Unity Project (1)
-logFile
Logs/AssetImportWorker0.log
-srvPort
53903
Successfully changed project path to: C:/Users/uie00183/New Unity Project (1)
C:/Users/uie00183/New Unity Project (1)
Using Asset Import Pipeline V2.
Refreshing native plugins compatible for Editor in 48.31 ms, found 0 plugins.
Preloading 0 native plugins for Editor in 0.00 ms.
Initialize engine version: 2020.3.3f1 (76626098c1c4)
[Subsystems] Discovering subsystems at path C:/Program Files/Unity/Hub/Editor/2020.3.3f1/Editor/Data/Resources/UnitySubsystems
[Subsystems] Discovering subsystems at path C:/Users/uie00183/New Unity Project (1)/Assets
GfxDevice: creating device client; threaded=0
Direct3D:
    Version:  Direct3D 11.0 [level 11.0]
    Renderer: NVIDIA Quadro M1000M (ID=0x13b1)
    Vendor:   
    VRAM:     2007 MB
    Driver:   27.21.14.6109
Initialize mono
Mono path[0] = 'C:/Program Files/Unity/Hub/Editor/2020.3.3f1/Editor/Data/Managed'
Mono path[1] = 'C:/Program Files/Unity/Hub/Editor/2020.3.3f1/Editor/Data/MonoBleedingEdge/lib/mono/unityjit'
Mono config path = 'C:/Program Files/Unity/Hub/Editor/2020.3.3f1/Editor/Data/MonoBleedingEdge/etc'
Using monoOptions --debugger-agent=transport=dt_socket,embedding=1,server=y,suspend=n,address=127.0.0.1:56616
Begin MonoManager ReloadAssembly
Registering precompiled unity dll's ...
Register platform support module: C:/Program Files/Unity/Hub/Editor/2020.3.3f1/Editor/Data/PlaybackEngines/WebGLSupport/UnityEditor.WebGL.Extensions.dll
Register platform support module: C:/Program Files/Unity/Hub/Editor/2020.3.3f1/Editor/Data/PlaybackEngines/WindowsStandaloneSupport/UnityEditor.WindowsStandalone.Extensions.dll
Registered in 0.004600 seconds.
Native extension for WindowsStandalone target not found
Native extension for WebGL target not found
Refreshing native plugins compatible for Editor in 52.09 ms, found 0 plugins.
Preloading 0 native plugins for Editor in 0.00 ms.
Invoked RoslynAnalysisRunner static constructor.
RoslynAnalysisRunner will not be running.
RoslynAnalysisRunner has terminated.
Mono: successfully reloaded assembly
- Completed reload, in  2.184 seconds
Platform modules already initialized, skipping
Registering precompiled user dll's ...
Registered in 0.003746 seconds.
Begin MonoManager ReloadAssembly
Native extension for WindowsStandalone target not found
Native extension for WebGL target not found
Refreshing native plugins compatible for Editor in 0.30 ms, found 0 plugins.
Preloading 0 native plugins for Editor in 0.00 ms.
Invoked RoslynAnalysisRunner static constructor.
RoslynAnalysisRunner will not be running.
RoslynAnalysisRunner has terminated.
Mono: successfully reloaded assembly
- Completed reload, in  1.756 seconds
Platform modules already initialized, skipping
========================================================================
Worker process is ready to serve import requests
Launched and connected shader compiler UnityShaderCompiler.exe after 0.14 seconds
Refreshing native plugins compatible for Editor in 0.38 ms, found 0 plugins.
Preloading 0 native plugins for Editor in 0.00 ms.
Unloading 1115 Unused Serialized files (Serialized files now loaded: 0)
System memory in use before: 57.1 MB.
System memory in use after: 57.2 MB.

Unloading 10 unused Assets to reduce memory usage. Loaded Objects now: 1557.
Total: 3.044700 ms (FindLiveObjects: 0.217400 ms CreateObjectMapping: 0.081000 ms MarkObjects: 2.447700 ms  DeleteObjects: 0.296200 ms)

========================================================================
Received Import Request.
  path: Assets/3Dmesh.fbx
  artifactKey: Guid(aa5bc7eb583a8664f9cec61763022882) Importer(815301076,1909f56bfc062723c751e8b465ee728b)
Start importing Assets/3Dmesh.fbx using Guid(aa5bc7eb583a8664f9cec61763022882) Importer(815301076,1909f56bfc062723c751e8b465ee728b)  -> (artifact id: 'c115addd5053aa88dc0500f06bc9f91e') in 1.695352 seconds
  Import took 1.703742 seconds .

========================================================================
Received Import Request.
  Time since last request: 0.000304 seconds.
  path: Assets/3Dmesh.fbx
  artifactKey: Guid(aa5bc7eb583a8664f9cec61763022882) Importer(815301076,1909f56bfc062723c751e8b465ee728b)
Start importing Assets/3Dmesh.fbx using Guid(aa5bc7eb583a8664f9cec61763022882) Importer(815301076,1909f56bfc062723c751e8b465ee728b)  -> (artifact id: '52fa7d0a5a2f7b579425d7b42ddf92c6') in 0.857453 seconds
  Import took 0.864422 seconds .

========================================================================
Received Import Request.
  Time since last request: 0.515443 seconds.
  path: Assets/3Dmesh.fbx
  artifactKey: Guid(aa5bc7eb583a8664f9cec61763022882) Importer(815301076,1909f56bfc062723c751e8b465ee728b)
Start importing Assets/3Dmesh.fbx using Guid(aa5bc7eb583a8664f9cec61763022882) Importer(815301076,1909f56bfc062723c751e8b465ee728b)  -> (artifact id: '52fa7d0a5a2f7b579425d7b42ddf92c6') in 0.982070 seconds
  Import took 0.986013 seconds .

========================================================================
Received Import Request.
  Time since last request: 35.994837 seconds.
  path: Assets/3Dmesh.fbx
  artifactKey: Guid(aa5bc7eb583a8664f9cec61763022882) Importer(815301076,1909f56bfc062723c751e8b465ee728b)
Start importing Assets/3Dmesh.fbx using Guid(aa5bc7eb583a8664f9cec61763022882) Importer(815301076,1909f56bfc062723c751e8b465ee728b)  -> (artifact id: '774c891c122568ae0e19e88975e4df8c') in 0.030858 seconds
  Import took 0.038595 seconds .

========================================================================
Received Import Request.
  Time since last request: 189.954537 seconds.
  path: Assets
  artifactKey: Guid(00000000000000001000000000000000) Importer(815301076,1909f56bfc062723c751e8b465ee728b)
Start importing Assets using Guid(00000000000000001000000000000000) Importer(815301076,1909f56bfc062723c751e8b465ee728b)  -> (artifact id: 'b2e0e235c0f4af3754229b664788db90') in 0.004181 seconds
  Import took 0.008187 seconds .

========================================================================
Received Import Request.
  Time since last request: 12.377526 seconds.
  path: Assets/Scripts
  artifactKey: Guid(e5fabe9f32a159f40bdc26054c7f0ee7) Importer(815301076,1909f56bfc062723c751e8b465ee728b)
Start importing Assets/Scripts using Guid(e5fabe9f32a159f40bdc26054c7f0ee7) Importer(815301076,1909f56bfc062723c751e8b465ee728b)  -> (artifact id: '923e3cbb1e08bf21d6395e3addde6780') in 0.004104 seconds
  Import took 0.008022 seconds .

========================================================================
Received Prepare
Registering precompiled user dll's ...
Registered in 0.001863 seconds.
Begin MonoManager ReloadAssembly
Native extension for WindowsStandalone target not found
Native extension for WebGL target not found
Refreshing native plugins compatible for Editor in 0.49 ms, found 0 plugins.
Preloading 0 native plugins for Editor in 0.00 ms.
Invoked RoslynAnalysisRunner static constructor.
RoslynAnalysisRunner will not be running.
RoslynAnalysisRunner has terminated.
Mono: successfully reloaded assembly
- Completed reload, in  1.284 seconds
Platform modules already initialized, skipping
Refreshing native plugins compatible for Editor in 0.28 ms, found 0 plugins.
Preloading 0 native plugins for Editor in 0.00 ms.
Unloading 1111 Unused Serialized files (Serialized files now loaded: 0)
System memory in use before: 74.0 MB.
System memory in use after: 74.0 MB.

Unloading 6 unused Assets to reduce memory usage. Loaded Objects now: 1572.
Total: 1.900900 ms (FindLiveObjects: 0.197300 ms CreateObjectMapping: 0.059200 ms MarkObjects: 1.577700 ms  DeleteObjects: 0.065500 ms)

========================================================================
Received Prepare
Registering precompiled user dll's ...
Registered in 0.001547 seconds.
Begin MonoManager ReloadAssembly
Native extension for WindowsStandalone target not found
Native extension for WebGL target not found
Refreshing native plugins compatible for Editor in 0.23 ms, found 0 plugins.
Preloading 0 native plugins for Editor in 0.00 ms.
Invoked RoslynAnalysisRunner static constructor.
RoslynAnalysisRunner will not be running.
RoslynAnalysisRunner has terminated.
Mono: successfully reloaded assembly
- Completed reload, in  1.377 seconds
Platform modules already initialized, skipping
Refreshing native plugins compatible for Editor in 0.29 ms, found 0 plugins.
Preloading 0 native plugins for Editor in 0.00 ms.
Unloading 1111 Unused Serialized files (Serialized files now loaded: 0)
System memory in use before: 74.0 MB.
System memory in use after: 74.1 MB.

Unloading 5 unused Assets to reduce memory usage. Loaded Objects now: 1575.
Total: 2.387400 ms (FindLiveObjects: 0.257300 ms CreateObjectMapping: 0.055000 ms MarkObjects: 2.010400 ms  DeleteObjects: 0.063000 ms)

========================================================================
Received Import Request.
  Time since last request: 214.802169 seconds.
  path: Assets/Scripts/Player.cs
  artifactKey: Guid(7011a995f9333d44ba410beb4a0bea0e) Importer(815301076,1909f56bfc062723c751e8b465ee728b)
Start importing Assets/Scripts/Player.cs using Guid(7011a995f9333d44ba410beb4a0bea0e) Importer(815301076,1909f56bfc062723c751e8b465ee728b)  -> (artifact id: '6b294a533eef3a051a51335445251e4f') in 0.012544 seconds
  Import took 0.016406 seconds .

========================================================================
Received Prepare
Registering precompiled user dll's ...
Registered in 0.001470 seconds.
Begin MonoManager ReloadAssembly
Native extension for WindowsStandalone target not found
Native extension for WebGL target not found
Refreshing native plugins compatible for Editor in 0.29 ms, found 0 plugins.
Preloading 0 native plugins for Editor in 0.00 ms.
Invoked RoslynAnalysisRunner static constructor.
RoslynAnalysisRunner will not be running.
RoslynAnalysisRunner has terminated.
Mono: successfully reloaded assembly
- Completed reload, in  1.041 seconds
Platform modules already initialized, skipping
Refreshing native plugins compatible for Editor in 0.25 ms, found 0 plugins.
Preloading 0 native plugins for Editor in 0.00 ms.
Unloading 1111 Unused Serialized files (Serialized files now loaded: 0)
System memory in use before: 74.0 MB.
System memory in use after: 74.1 MB.

Unloading 5 unused Assets to reduce memory usage. Loaded Objects now: 1578.
Total: 3.079500 ms (FindLiveObjects: 0.267600 ms CreateObjectMapping: 0.112500 ms MarkObjects: 2.579500 ms  DeleteObjects: 0.104000 ms)

========================================================================
Received Import Request.
  Time since last request: 805.156242 seconds.
  path: Assets/ImphenziaPalette01.png
  artifactKey: Guid(70b32d679fbf58b4788b0d9a65c66fdc) Importer(815301076,1909f56bfc062723c751e8b465ee728b)
Start importing Assets/ImphenziaPalette01.png using Guid(70b32d679fbf58b4788b0d9a65c66fdc) Importer(815301076,1909f56bfc062723c751e8b465ee728b)  -> (artifact id: '0656e9ff2495679bb042c22a4f5ec8ad') in 0.218198 seconds
  Import took 0.222946 seconds .

========================================================================
Received Prepare
Registering precompiled user dll's ...
Registered in 0.003661 seconds.
Begin MonoManager ReloadAssembly
Native extension for WindowsStandalone target not found
Native extension for WebGL target not found
Refreshing native plugins compatible for Editor in 0.29 ms, found 0 plugins.
Preloading 0 native plugins for Editor in 0.00 ms.
Invoked RoslynAnalysisRunner static constructor.
RoslynAnalysisRunner will not be running.
RoslynAnalysisRunner has terminated.
Mono: successfully reloaded assembly
- Completed reload, in  3.065 seconds
Platform modules already initialized, skipping
Refreshing native plugins compatible for Editor in 0.39 ms, found 0 plugins.
Preloading 0 native plugins for Editor in 0.00 ms.
Unloading 1111 Unused Serialized files (Serialized files now loaded: 0)
System memory in use before: 74.0 MB.
System memory in use after: 74.1 MB.

Unloading 5 unused Assets to reduce memory usage. Loaded Objects now: 1583.
Total: 3.006600 ms (FindLiveObjects: 0.310700 ms CreateObjectMapping: 0.082900 ms MarkObjects: 2.549800 ms  DeleteObjects: 0.061200 ms)

========================================================================
Received Import Request.
  Time since last request: 352.878146 seconds.
  path: Assets/Scripts/CameraController.cs
  artifactKey: Guid(797f0ebaf060bf2409e435430eedab8a) Importer(815301076,1909f56bfc062723c751e8b465ee728b)
Start importing Assets/Scripts/CameraController.cs using Guid(797f0ebaf060bf2409e435430eedab8a) Importer(815301076,1909f56bfc062723c751e8b465ee728b)  -> (artifact id: '3d24a1e7210d75b1c48665b3d0208b00') in 0.011207 seconds
  Import took 0.020119 seconds .

========================================================================
Received Prepare
Registering precompiled user dll's ...
Registered in 0.001728 seconds.
Begin MonoManager ReloadAssembly
Native extension for WindowsStandalone target not found
Native extension for WebGL target not found
Refreshing native plugins compatible for Editor in 0.27 ms, found 0 plugins.
Preloading 0 native plugins for Editor in 0.00 ms.
Invoked RoslynAnalysisRunner static constructor.
RoslynAnalysisRunner will not be running.
RoslynAnalysisRunner has terminated.
Mono: successfully reloaded assembly
- Completed reload, in  1.984 seconds
Platform modules already initialized, skipping
Refreshing native plugins compatible for Editor in 0.27 ms, found 0 plugins.
Preloading 0 native plugins for Editor in 0.00 ms.
Unloading 1112 Unused Serialized files (Serialized files now loaded: 0)
System memory in use before: 74.1 MB.
System memory in use after: 74.1 MB.

Unloading 5 unused Assets to reduce memory usage. Loaded Objects now: 1587.
Total: 2.325000 ms (FindLiveObjects: 0.252500 ms CreateObjectMapping: 0.059500 ms MarkObjects: 1.942700 ms  DeleteObjects: 0.068600 ms)

========================================================================
Received Prepare
Registering precompiled user dll's ...
Registered in 0.001464 seconds.
Begin MonoManager ReloadAssembly
Native extension for WindowsStandalone target not found
Native extension for WebGL target not found
Refreshing native plugins compatible for Editor in 0.23 ms, found 0 plugins.
Preloading 0 native plugins for Editor in 0.00 ms.
Invoked RoslynAnalysisRunner static constructor.
RoslynAnalysisRunner will not be running.
RoslynAnalysisRunner has terminated.
Mono: successfully reloaded assembly
- Completed reload, in  2.226 seconds
Platform modules already initialized, skipping
Refreshing native plugins compatible for Editor in 0.52 ms, found 0 plugins.
Preloading 0 native plugins for Editor in 0.00 ms.
Unloading 1112 Unused Serialized files (Serialized files now loaded: 0)
System memory in use before: 74.1 MB.
System memory in use after: 74.1 MB.

Unloading 5 unused Assets to reduce memory usage. Loaded Objects now: 1590.
Total: 11.368100 ms (FindLiveObjects: 0.388400 ms CreateObjectMapping: 2.504400 ms MarkObjects: 5.040800 ms  DeleteObjects: 3.432600 ms)

========================================================================
Received Prepare
Registering precompiled user dll's ...
Registered in 0.001395 seconds.
Begin MonoManager ReloadAssembly
Native extension for WindowsStandalone target not found
Native extension for WebGL target not found
Refreshing native plugins compatible for Editor in 0.27 ms, found 0 plugins.
Preloading 0 native plugins for Editor in 0.00 ms.
Invoked RoslynAnalysisRunner static constructor.
RoslynAnalysisRunner will not be running.
RoslynAnalysisRunner has terminated.
Mono: successfully reloaded assembly
- Completed reload, in  1.467 seconds
Platform modules already initialized, skipping
Refreshing native plugins compatible for Editor in 0.37 ms, found 0 plugins.
Preloading 0 native plugins for Editor in 0.00 ms.
Unloading 1112 Unused Serialized files (Serialized files now loaded: 0)
System memory in use before: 74.1 MB.
System memory in use after: 74.1 MB.

Unloading 5 unused Assets to reduce memory usage. Loaded Objects now: 1593.
Total: 4.126400 ms (FindLiveObjects: 0.556900 ms CreateObjectMapping: 0.397700 ms MarkObjects: 3.091300 ms  DeleteObjects: 0.078300 ms)

========================================================================
Received Import Request.
  Time since last request: 327.769650 seconds.
  path: Assets/Scripts/CameraController.cs
  artifactKey: Guid(797f0ebaf060bf2409e435430eedab8a) Importer(815301076,1909f56bfc062723c751e8b465ee728b)
Start importing Assets/Scripts/CameraController.cs using Guid(797f0ebaf060bf2409e435430eedab8a) Importer(815301076,1909f56bfc062723c751e8b465ee728b)  -> (artifact id: 'e15ae6c454fc7634c6bfb3ce42020065') in 0.005958 seconds
  Import took 0.013057 seconds .

========================================================================
Received Import Request.
  Time since last request: 0.000383 seconds.
  path: Assets/Scripts/CameraController.cs
  artifactKey: Guid(797f0ebaf060bf2409e435430eedab8a) Importer(815301076,1909f56bfc062723c751e8b465ee728b)
Start importing Assets/Scripts/CameraController.cs using Guid(797f0ebaf060bf2409e435430eedab8a) Importer(815301076,1909f56bfc062723c751e8b465ee728b)  -> (artifact id: 'e15ae6c454fc7634c6bfb3ce42020065') in 0.003165 seconds
  Import took 0.006842 seconds .

========================================================================
Received Prepare
Registering precompiled user dll's ...
Registered in 0.002063 seconds.
Begin MonoManager ReloadAssembly
Native extension for WindowsStandalone target not found
Native extension for WebGL target not found
Refreshing native plugins compatible for Editor in 0.47 ms, found 0 plugins.
Preloading 0 native plugins for Editor in 0.00 ms.
Invoked RoslynAnalysisRunner static constructor.
RoslynAnalysisRunner will not be running.
RoslynAnalysisRunner has terminated.
Mono: successfully reloaded assembly
- Completed reload, in  1.505 seconds
Platform modules already initialized, skipping
Refreshing native plugins compatible for Editor in 0.38 ms, found 0 plugins.
Preloading 0 native plugins for Editor in 0.00 ms.
Unloading 1112 Unused Serialized files (Serialized files now loaded: 0)
System memory in use before: 74.1 MB.
System memory in use after: 74.1 MB.

Unloading 5 unused Assets to reduce memory usage. Loaded Objects now: 1596.
Total: 2.981300 ms (FindLiveObjects: 0.250700 ms CreateObjectMapping: 0.051600 ms MarkObjects: 2.572200 ms  DeleteObjects: 0.105100 ms)

========================================================================
Received Prepare
Registering precompiled user dll's ...
Registered in 0.004011 seconds.
Begin MonoManager ReloadAssembly
Native extension for WindowsStandalone target not found
Native extension for WebGL target not found
Refreshing native plugins compatible for Editor in 0.21 ms, found 0 plugins.
Preloading 0 native plugins for Editor in 0.00 ms.
Invoked RoslynAnalysisRunner static constructor.
RoslynAnalysisRunner will not be running.
RoslynAnalysisRunner has terminated.
Mono: successfully reloaded assembly
- Completed reload, in  1.728 seconds
Platform modules already initialized, skipping
Refreshing native plugins compatible for Editor in 0.33 ms, found 0 plugins.
Preloading 0 native plugins for Editor in 0.00 ms.
Unloading 1112 Unused Serialized files (Serialized files now loaded: 0)
System memory in use before: 74.1 MB.
System memory in use after: 74.2 MB.

Unloading 5 unused Assets to reduce memory usage. Loaded Objects now: 1599.
Total: 2.470300 ms (FindLiveObjects: 0.293200 ms CreateObjectMapping: 0.097700 ms MarkObjects: 2.018200 ms  DeleteObjects: 0.059400 ms)

========================================================================
Received Import Request.
  Time since last request: 323.088249 seconds.
  path: Assets/Material
  artifactKey: Guid(b9af9f3c6f7274e40b86175968faed44) Importer(815301076,1909f56bfc062723c751e8b465ee728b)
Start importing Assets/Material using Guid(b9af9f3c6f7274e40b86175968faed44) Importer(815301076,1909f56bfc062723c751e8b465ee728b)  -> (artifact id: '4b43373dda32bb5d52c28d3d2b35ee3a') in 0.007180 seconds
  Import took 0.013600 seconds .

========================================================================
Received Import Request.
  Time since last request: 0.006128 seconds.
  path: Assets/Material
  artifactKey: Guid(b9af9f3c6f7274e40b86175968faed44) Importer(815301076,1909f56bfc062723c751e8b465ee728b)
Start importing Assets/Material using Guid(b9af9f3c6f7274e40b86175968faed44) Importer(815301076,1909f56bfc062723c751e8b465ee728b)  -> (artifact id: '4b43373dda32bb5d52c28d3d2b35ee3a') in 0.003891 seconds
  Import took 0.006266 seconds .

========================================================================
Received Import Request.
  Time since last request: 23.358163 seconds.
  path: Assets/Material/New Material.mat
  artifactKey: Guid(5ee540ab1d594cb4cb631a3b6399dd37) Importer(815301076,1909f56bfc062723c751e8b465ee728b)
Start importing Assets/Material/New Material.mat using Guid(5ee540ab1d594cb4cb631a3b6399dd37) Importer(815301076,1909f56bfc062723c751e8b465ee728b)  -> (artifact id: '7e689a6c55f11cfdd130019570722bea') in 0.601098 seconds
  Import took 0.606038 seconds .

========================================================================
Received Import Request.
  Time since last request: 247.475201 seconds.
  path: Assets/Material/New Material 1.mat
  artifactKey: Guid(31c164a724be31448b1f81533a4d2333) Importer(815301076,1909f56bfc062723c751e8b465ee728b)
Start importing Assets/Material/New Material 1.mat using Guid(31c164a724be31448b1f81533a4d2333) Importer(815301076,1909f56bfc062723c751e8b465ee728b)  -> (artifact id: 'ec50680d4e30c46ecdf219a53fed24e3') in 0.013778 seconds
  Import took 0.021176 seconds .

========================================================================
Received Prepare
Registering precompiled user dll's ...
Registered in 0.001993 seconds.
Begin MonoManager ReloadAssembly
Native extension for WindowsStandalone target not found
Native extension for WebGL target not found
Refreshing native plugins compatible for Editor in 0.22 ms, found 0 plugins.
Preloading 0 native plugins for Editor in 0.00 ms.
Invoked RoslynAnalysisRunner static constructor.
RoslynAnalysisRunner will not be running.
RoslynAnalysisRunner has terminated.
Mono: successfully reloaded assembly
- Completed reload, in  1.862 seconds
Platform modules already initialized, skipping
Refreshing native plugins compatible for Editor in 0.38 ms, found 0 plugins.
Preloading 0 native plugins for Editor in 0.00 ms.
Unloading 1112 Unused Serialized files (Serialized files now loaded: 0)
System memory in use before: 74.2 MB.
System memory in use after: 74.3 MB.

Unloading 5 unused Assets to reduce memory usage. Loaded Objects now: 1636.
Total: 2.968800 ms (FindLiveObjects: 0.555900 ms CreateObjectMapping: 0.084800 ms MarkObjects: 2.226600 ms  DeleteObjects: 0.084800 ms)

========================================================================
Received Prepare
Registering precompiled user dll's ...
Registered in 0.001790 seconds.
Begin MonoManager ReloadAssembly
Native extension for WindowsStandalone target not found
Native extension for WebGL target not found
Refreshing native plugins compatible for Editor in 0.41 ms, found 0 plugins.
Preloading 0 native plugins for Editor in 0.00 ms.
Invoked RoslynAnalysisRunner static constructor.
RoslynAnalysisRunner will not be running.
RoslynAnalysisRunner has terminated.
Mono: successfully reloaded assembly
- Completed reload, in  1.472 seconds
Platform modules already initialized, skipping
Refreshing native plugins compatible for Editor in 0.27 ms, found 0 plugins.
Preloading 0 native plugins for Editor in 0.00 ms.
Unloading 1112 Unused Serialized files (Serialized files now loaded: 0)
System memory in use before: 74.2 MB.
System memory in use after: 74.3 MB.

Unloading 5 unused Assets to reduce memory usage. Loaded Objects now: 1639.
Total: 3.053200 ms (FindLiveObjects: 0.324200 ms CreateObjectMapping: 0.093500 ms MarkObjects: 2.563800 ms  DeleteObjects: 0.069900 ms)

========================================================================
Received Prepare
Registering precompiled user dll's ...
Registered in 0.002136 seconds.
Begin MonoManager ReloadAssembly
Native extension for WindowsStandalone target not found
Native extension for WebGL target not found
Refreshing native plugins compatible for Editor in 0.33 ms, found 0 plugins.
Preloading 0 native plugins for Editor in 0.00 ms.
Invoked RoslynAnalysisRunner static constructor.
RoslynAnalysisRunner will not be running.
RoslynAnalysisRunner has terminated.
Mono: successfully reloaded assembly
- Completed reload, in  1.322 seconds
Platform modules already initialized, skipping
Refreshing native plugins compatible for Editor in 0.40 ms, found 0 plugins.
Preloading 0 native plugins for Editor in 0.00 ms.
Unloading 1112 Unused Serialized files (Serialized files now loaded: 0)
System memory in use before: 74.3 MB.
System memory in use after: 74.3 MB.

Unloading 5 unused Assets to reduce memory usage. Loaded Objects now: 1642.
Total: 2.827700 ms (FindLiveObjects: 0.317100 ms CreateObjectMapping: 0.080700 ms MarkObjects: 2.335000 ms  DeleteObjects: 0.093600 ms)

========================================================================
Received Import Request.
  Time since last request: 2162.406845 seconds.
  path: Assets/Material/Texture
  artifactKey: Guid(2cac470fc16eb274aa0c53690dac7bfb) Importer(815301076,1909f56bfc062723c751e8b465ee728b)
Start importing Assets/Material/Texture using Guid(2cac470fc16eb274aa0c53690dac7bfb) Importer(815301076,1909f56bfc062723c751e8b465ee728b)  -> (artifact id: '2c9b146d4804dec656170b4434567d38') in 0.009930 seconds
  Import took 0.014483 seconds .

========================================================================
Received Import Request.
  Time since last request: 0.000868 seconds.
  path: Assets/Material/Texture
  artifactKey: Guid(2cac470fc16eb274aa0c53690dac7bfb) Importer(815301076,1909f56bfc062723c751e8b465ee728b)
Start importing Assets/Material/Texture using Guid(2cac470fc16eb274aa0c53690dac7bfb) Importer(815301076,1909f56bfc062723c751e8b465ee728b)  -> (artifact id: '2c9b146d4804dec656170b4434567d38') in 0.003669 seconds
  Import took 0.006243 seconds .

========================================================================
Received Import Request.
  Time since last request: 60.519916 seconds.
  path: Assets/Texture/Tu_kaiserslautern.svg.png
  artifactKey: Guid(aa054170e6f577749a7d55191ebd08d5) Importer(815301076,1909f56bfc062723c751e8b465ee728b)
Start importing Assets/Texture/Tu_kaiserslautern.svg.png using Guid(aa054170e6f577749a7d55191ebd08d5) Importer(815301076,1909f56bfc062723c751e8b465ee728b)  -> (artifact id: '9a8097ee6f34575c7c005169fa09ee9d') in 0.057522 seconds
  Import took 0.060829 seconds .

========================================================================
Received Import Request.
  Time since last request: 65.289298 seconds.
  path: Assets/Texture/Tu_kaiserslautern.svg.png
  artifactKey: Guid(aa054170e6f577749a7d55191ebd08d5) Importer(815301076,1909f56bfc062723c751e8b465ee728b)
Start importing Assets/Texture/Tu_kaiserslautern.svg.png using Guid(aa054170e6f577749a7d55191ebd08d5) Importer(815301076,1909f56bfc062723c751e8b465ee728b)  -> (artifact id: '123b32855dc37ea9da97fffd249b9f32') in 0.046677 seconds
  Import took 0.050135 seconds .

========================================================================
Received Import Request.
  Time since last request: 239.590427 seconds.
  path: Assets/Scripts/RotateArms.cs
  artifactKey: Guid(6661b0a8b59c10c4dad07c9c32cd3b30) Importer(815301076,1909f56bfc062723c751e8b465ee728b)
Start importing Assets/Scripts/RotateArms.cs using Guid(6661b0a8b59c10c4dad07c9c32cd3b30) Importer(815301076,1909f56bfc062723c751e8b465ee728b)  -> (artifact id: 'db05eb91456ffb5ac10fc728dd75d63b') in 0.003650 seconds
  Import took 0.008316 seconds .

========================================================================
Received Prepare
Registering precompiled user dll's ...
Registered in 0.001353 seconds.
Begin MonoManager ReloadAssembly
Native extension for WindowsStandalone target not found
Native extension for WebGL target not found
Refreshing native plugins compatible for Editor in 0.31 ms, found 0 plugins.
Preloading 0 native plugins for Editor in 0.00 ms.
Invoked RoslynAnalysisRunner static constructor.
RoslynAnalysisRunner will not be running.
RoslynAnalysisRunner has terminated.
Mono: successfully reloaded assembly
- Completed reload, in  1.050 seconds
Platform modules already initialized, skipping
Refreshing native plugins compatible for Editor in 0.29 ms, found 0 plugins.
Preloading 0 native plugins for Editor in 0.00 ms.
Unloading 1113 Unused Serialized files (Serialized files now loaded: 0)
System memory in use before: 74.3 MB.
System memory in use after: 74.4 MB.

Unloading 5 unused Assets to reduce memory usage. Loaded Objects now: 1650.
Total: 1.772700 ms (FindLiveObjects: 0.167200 ms CreateObjectMapping: 0.036900 ms MarkObjects: 1.492300 ms  DeleteObjects: 0.075200 ms)

========================================================================
Received Prepare
Registering precompiled user dll's ...
Registered in 0.001876 seconds.
Begin MonoManager ReloadAssembly
Native extension for WindowsStandalone target not found
Native extension for WebGL target not found
Refreshing native plugins compatible for Editor in 0.24 ms, found 0 plugins.
Preloading 0 native plugins for Editor in 0.00 ms.
Invoked RoslynAnalysisRunner static constructor.
RoslynAnalysisRunner will not be running.
RoslynAnalysisRunner has terminated.
Mono: successfully reloaded assembly
- Completed reload, in  1.323 seconds
Platform modules already initialized, skipping
Refreshing native plugins compatible for Editor in 0.40 ms, found 0 plugins.
Preloading 0 native plugins for Editor in 0.00 ms.
Unloading 1113 Unused Serialized files (Serialized files now loaded: 0)
System memory in use before: 74.3 MB.
System memory in use after: 74.4 MB.

Unloading 5 unused Assets to reduce memory usage. Loaded Objects now: 1653.
Total: 2.587900 ms (FindLiveObjects: 0.203200 ms CreateObjectMapping: 0.055000 ms MarkObjects: 2.191800 ms  DeleteObjects: 0.136500 ms)

========================================================================
Received Prepare
Registering precompiled user dll's ...
Registered in 0.001776 seconds.
Begin MonoManager ReloadAssembly
Native extension for WindowsStandalone target not found
Native extension for WebGL target not found
Refreshing native plugins compatible for Editor in 0.25 ms, found 0 plugins.
Preloading 0 native plugins for Editor in 0.00 ms.
Invoked RoslynAnalysisRunner static constructor.
RoslynAnalysisRunner will not be running.
RoslynAnalysisRunner has terminated.
Mono: successfully reloaded assembly
- Completed reload, in  1.247 seconds
Platform modules already initialized, skipping
Refreshing native plugins compatible for Editor in 0.23 ms, found 0 plugins.
Preloading 0 native plugins for Editor in 0.00 ms.
Unloading 1113 Unused Serialized files (Serialized files now loaded: 0)
System memory in use before: 74.3 MB.
System memory in use after: 74.4 MB.

Unloading 5 unused Assets to reduce memory usage. Loaded Objects now: 1656.
Total: 2.529600 ms (FindLiveObjects: 0.191000 ms CreateObjectMapping: 0.041700 ms MarkObjects: 2.194900 ms  DeleteObjects: 0.099700 ms)

========================================================================
Received Import Request.
  Time since last request: 212.163922 seconds.
  path: Assets/Scripts/RotateArms.cs
  artifactKey: Guid(6661b0a8b59c10c4dad07c9c32cd3b30) Importer(815301076,1909f56bfc062723c751e8b465ee728b)
Start importing Assets/Scripts/RotateArms.cs using Guid(6661b0a8b59c10c4dad07c9c32cd3b30) Importer(815301076,1909f56bfc062723c751e8b465ee728b)  -> (artifact id: 'f729bfd6daf8fd26e7fba0330fc2ede3') in 0.006278 seconds
  Import took 0.013005 seconds .

========================================================================
Received Import Request.
  Time since last request: 0.033574 seconds.
  path: Assets/Scripts/RotateArms.cs
  artifactKey: Guid(6661b0a8b59c10c4dad07c9c32cd3b30) Importer(815301076,1909f56bfc062723c751e8b465ee728b)
Start importing Assets/Scripts/RotateArms.cs using Guid(6661b0a8b59c10c4dad07c9c32cd3b30) Importer(815301076,1909f56bfc062723c751e8b465ee728b)  -> (artifact id: 'f729bfd6daf8fd26e7fba0330fc2ede3') in 0.003830 seconds
  Import took 0.006385 seconds .

========================================================================
Received Prepare
Registering precompiled user dll's ...
Registered in 0.001368 seconds.
Begin MonoManager ReloadAssembly
Native extension for WindowsStandalone target not found
Native extension for WebGL target not found
Refreshing native plugins compatible for Editor in 0.26 ms, found 0 plugins.
Preloading 0 native plugins for Editor in 0.00 ms.
Invoked RoslynAnalysisRunner static constructor.
RoslynAnalysisRunner will not be running.
RoslynAnalysisRunner has terminated.
Mono: successfully reloaded assembly
- Completed reload, in  1.282 seconds
Platform modules already initialized, skipping
Refreshing native plugins compatible for Editor in 0.26 ms, found 0 plugins.
Preloading 0 native plugins for Editor in 0.00 ms.
Unloading 1113 Unused Serialized files (Serialized files now loaded: 0)
System memory in use before: 74.3 MB.
System memory in use after: 74.4 MB.

Unloading 5 unused Assets to reduce memory usage. Loaded Objects now: 1659.
Total: 3.239800 ms (FindLiveObjects: 0.175800 ms CreateObjectMapping: 0.062500 ms MarkObjects: 2.920800 ms  DeleteObjects: 0.078600 ms)

========================================================================
Received Import Request.
  Time since last request: 1434.657681 seconds.
  path: Assets/Scripts/ColorChange.cs
  artifactKey: Guid(a0ea56c77c8939c49959b06d2a0cef8c) Importer(815301076,1909f56bfc062723c751e8b465ee728b)
Start importing Assets/Scripts/ColorChange.cs using Guid(a0ea56c77c8939c49959b06d2a0cef8c) Importer(815301076,1909f56bfc062723c751e8b465ee728b)  -> (artifact id: '91db7d1903b89526b307fa0f7e817ad7') in 0.052989 seconds
  Import took 0.060354 seconds .

========================================================================
Received Prepare
Registering precompiled user dll's ...
Registered in 0.002487 seconds.
Begin MonoManager ReloadAssembly
Native extension for WindowsStandalone target not found
Native extension for WebGL target not found
Refreshing native plugins compatible for Editor in 0.34 ms, found 0 plugins.
Preloading 0 native plugins for Editor in 0.00 ms.
Invoked RoslynAnalysisRunner static constructor.
RoslynAnalysisRunner will not be running.
RoslynAnalysisRunner has terminated.
Mono: successfully reloaded assembly
- Completed reload, in  1.624 seconds
Platform modules already initialized, skipping
Refreshing native plugins compatible for Editor in 0.29 ms, found 0 plugins.
Preloading 0 native plugins for Editor in 0.00 ms.
Unloading 1114 Unused Serialized files (Serialized files now loaded: 0)
System memory in use before: 74.3 MB.
System memory in use after: 74.4 MB.

Unloading 5 unused Assets to reduce memory usage. Loaded Objects now: 1663.
Total: 5.392200 ms (FindLiveObjects: 0.559300 ms CreateObjectMapping: 0.120000 ms MarkObjects: 4.538500 ms  DeleteObjects: 0.172200 ms)

========================================================================
Received Import Request.
  Time since last request: 240.997694 seconds.
  path: Assets/Scripts/ColorChange.cs
  artifactKey: Guid(a0ea56c77c8939c49959b06d2a0cef8c) Importer(815301076,1909f56bfc062723c751e8b465ee728b)
Start importing Assets/Scripts/ColorChange.cs using Guid(a0ea56c77c8939c49959b06d2a0cef8c) Importer(815301076,1909f56bfc062723c751e8b465ee728b)  -> (artifact id: 'ace42a013b20432bad5654dd124d56db') in 0.014064 seconds
  Import took 0.025560 seconds .

========================================================================
Received Import Request.
  Time since last request: 0.053200 seconds.
  path: Assets/Scripts/ColorChange.cs
  artifactKey: Guid(a0ea56c77c8939c49959b06d2a0cef8c) Importer(815301076,1909f56bfc062723c751e8b465ee728b)
Start importing Assets/Scripts/ColorChange.cs using Guid(a0ea56c77c8939c49959b06d2a0cef8c) Importer(815301076,1909f56bfc062723c751e8b465ee728b)  -> (artifact id: 'ace42a013b20432bad5654dd124d56db') in 0.011501 seconds
  Import took 0.015980 seconds .

========================================================================
Received Prepare
Registering precompiled user dll's ...
Registered in 0.001997 seconds.
Begin MonoManager ReloadAssembly
Native extension for WindowsStandalone target not found
Native extension for WebGL target not found
Refreshing native plugins compatible for Editor in 0.31 ms, found 0 plugins.
Preloading 0 native plugins for Editor in 0.00 ms.
Invoked RoslynAnalysisRunner static constructor.
RoslynAnalysisRunner will not be running.
RoslynAnalysisRunner has terminated.
Mono: successfully reloaded assembly
- Completed reload, in  1.770 seconds
Platform modules already initialized, skipping
Refreshing native plugins compatible for Editor in 0.23 ms, found 0 plugins.
Preloading 0 native plugins for Editor in 0.00 ms.
Unloading 1114 Unused Serialized files (Serialized files now loaded: 0)
System memory in use before: 74.3 MB.
System memory in use after: 74.4 MB.

Unloading 5 unused Assets to reduce memory usage. Loaded Objects now: 1666.
Total: 4.090700 ms (FindLiveObjects: 0.242700 ms CreateObjectMapping: 0.048400 ms MarkObjects: 3.368900 ms  DeleteObjects: 0.428600 ms)

========================================================================
Received Import Request.
  Time since last request: 455.422414 seconds.
  path: Assets/Scripts/ColorChange.cs
  artifactKey: Guid(a0ea56c77c8939c49959b06d2a0cef8c) Importer(815301076,1909f56bfc062723c751e8b465ee728b)
Start importing Assets/Scripts/ColorChange.cs using Guid(a0ea56c77c8939c49959b06d2a0cef8c) Importer(815301076,1909f56bfc062723c751e8b465ee728b)  -> (artifact id: '1b572b0669352bbdca71099d6afa8a51') in 0.006066 seconds
  Import took 0.011150 seconds .

========================================================================
Received Import Request.
  Time since last request: 0.002068 seconds.
  path: Assets/Scripts/ColorChange.cs
  artifactKey: Guid(a0ea56c77c8939c49959b06d2a0cef8c) Importer(815301076,1909f56bfc062723c751e8b465ee728b)
Start importing Assets/Scripts/ColorChange.cs using Guid(a0ea56c77c8939c49959b06d2a0cef8c) Importer(815301076,1909f56bfc062723c751e8b465ee728b)  -> (artifact id: '1b572b0669352bbdca71099d6afa8a51') in 0.004032 seconds
  Import took 0.007075 seconds .

========================================================================
Received Prepare
Registering precompiled user dll's ...
Registered in 0.003139 seconds.
Begin MonoManager ReloadAssembly
Native extension for WindowsStandalone target not found
Native extension for WebGL target not found
Refreshing native plugins compatible for Editor in 0.26 ms, found 0 plugins.
Preloading 0 native plugins for Editor in 0.00 ms.
Invoked RoslynAnalysisRunner static constructor.
RoslynAnalysisRunner will not be running.
RoslynAnalysisRunner has terminated.
Mono: successfully reloaded assembly
- Completed reload, in  1.929 seconds
Platform modules already initialized, skipping
Refreshing native plugins compatible for Editor in 0.21 ms, found 0 plugins.
Preloading 0 native plugins for Editor in 0.00 ms.
Unloading 1114 Unused Serialized files (Serialized files now loaded: 0)
System memory in use before: 74.3 MB.
System memory in use after: 74.4 MB.

Unloading 5 unused Assets to reduce memory usage. Loaded Objects now: 1669.
Total: 2.128800 ms (FindLiveObjects: 0.173100 ms CreateObjectMapping: 0.047200 ms MarkObjects: 1.848100 ms  DeleteObjects: 0.058600 ms)

========================================================================
Received Prepare
Registering precompiled user dll's ...
Registered in 0.002396 seconds.
Begin MonoManager ReloadAssembly
Native extension for WindowsStandalone target not found
Native extension for WebGL target not found
Refreshing native plugins compatible for Editor in 0.48 ms, found 0 plugins.
Preloading 0 native plugins for Editor in 0.00 ms.
Invoked RoslynAnalysisRunner static constructor.
RoslynAnalysisRunner will not be running.
RoslynAnalysisRunner has terminated.
Mono: successfully reloaded assembly
- Completed reload, in  1.454 seconds
Platform modules already initialized, skipping
Refreshing native plugins compatible for Editor in 0.34 ms, found 0 plugins.
Preloading 0 native plugins for Editor in 0.00 ms.
Unloading 1114 Unused Serialized files (Serialized files now loaded: 0)
System memory in use before: 74.4 MB.
System memory in use after: 74.4 MB.

Unloading 5 unused Assets to reduce memory usage. Loaded Objects now: 1672.
Total: 2.673300 ms (FindLiveObjects: 0.237500 ms CreateObjectMapping: 0.085900 ms MarkObjects: 2.291600 ms  DeleteObjects: 0.056400 ms)

========================================================================
Received Prepare
Registering precompiled user dll's ...
Registered in 0.001545 seconds.
Begin MonoManager ReloadAssembly
Native extension for WindowsStandalone target not found
Native extension for WebGL target not found
Refreshing native plugins compatible for Editor in 0.20 ms, found 0 plugins.
Preloading 0 native plugins for Editor in 0.00 ms.
Invoked RoslynAnalysisRunner static constructor.
RoslynAnalysisRunner will not be running.
RoslynAnalysisRunner has terminated.
Mono: successfully reloaded assembly
- Completed reload, in  1.375 seconds
Platform modules already initialized, skipping
Refreshing native plugins compatible for Editor in 0.21 ms, found 0 plugins.
Preloading 0 native plugins for Editor in 0.00 ms.
Unloading 1114 Unused Serialized files (Serialized files now loaded: 0)
System memory in use before: 74.4 MB.
System memory in use after: 74.4 MB.

Unloading 5 unused Assets to reduce memory usage. Loaded Objects now: 1675.
Total: 2.237400 ms (FindLiveObjects: 0.243100 ms CreateObjectMapping: 0.058600 ms MarkObjects: 1.865100 ms  DeleteObjects: 0.069100 ms)

========================================================================
Received Prepare
Registering precompiled user dll's ...
Registered in 0.001116 seconds.
Begin MonoManager ReloadAssembly
Native extension for WindowsStandalone target not found
Native extension for WebGL target not found
Refreshing native plugins compatible for Editor in 0.22 ms, found 0 plugins.
Preloading 0 native plugins for Editor in 0.00 ms.
Invoked RoslynAnalysisRunner static constructor.
RoslynAnalysisRunner will not be running.
RoslynAnalysisRunner has terminated.
Mono: successfully reloaded assembly
- Completed reload, in  1.022 seconds
Platform modules already initialized, skipping
Refreshing native plugins compatible for Editor in 0.20 ms, found 0 plugins.
Preloading 0 native plugins for Editor in 0.00 ms.
Unloading 1114 Unused Serialized files (Serialized files now loaded: 0)
System memory in use before: 74.3 MB.
System memory in use after: 74.4 MB.

Unloading 5 unused Assets to reduce memory usage. Loaded Objects now: 1678.
Total: 1.960800 ms (FindLiveObjects: 0.150500 ms CreateObjectMapping: 0.036500 ms MarkObjects: 1.678400 ms  DeleteObjects: 0.094500 ms)

========================================================================
Received Import Request.
  Time since last request: 1618.341873 seconds.
  path: Assets/Scripts/ColorChange.cs
  artifactKey: Guid(a0ea56c77c8939c49959b06d2a0cef8c) Importer(815301076,1909f56bfc062723c751e8b465ee728b)
Start importing Assets/Scripts/ColorChange.cs using Guid(a0ea56c77c8939c49959b06d2a0cef8c) Importer(815301076,1909f56bfc062723c751e8b465ee728b)  -> (artifact id: '4e05728ff181e1b011efc046d3eab305') in 0.005374 seconds
  Import took 0.009493 seconds .

========================================================================
Received Import Request.
  Time since last request: 0.000854 seconds.
  path: Assets/Scripts/ColorChange.cs
  artifactKey: Guid(a0ea56c77c8939c49959b06d2a0cef8c) Importer(815301076,1909f56bfc062723c751e8b465ee728b)
Start importing Assets/Scripts/ColorChange.cs using Guid(a0ea56c77c8939c49959b06d2a0cef8c) Importer(815301076,1909f56bfc062723c751e8b465ee728b)  -> (artifact id: '4e05728ff181e1b011efc046d3eab305') in 0.003179 seconds
  Import took 0.005433 seconds .

========================================================================
Received Prepare
Registering precompiled user dll's ...
Registered in 0.002268 seconds.
Begin MonoManager ReloadAssembly
Native extension for WindowsStandalone target not found
Native extension for WebGL target not found
Refreshing native plugins compatible for Editor in 0.34 ms, found 0 plugins.
Preloading 0 native plugins for Editor in 0.00 ms.
Invoked RoslynAnalysisRunner static constructor.
RoslynAnalysisRunner will not be running.
RoslynAnalysisRunner has terminated.
Mono: successfully reloaded assembly
- Completed reload, in  0.953 seconds
Platform modules already initialized, skipping
Refreshing native plugins compatible for Editor in 0.20 ms, found 0 plugins.
Preloading 0 native plugins for Editor in 0.00 ms.
Unloading 1114 Unused Serialized files (Serialized files now loaded: 0)
System memory in use before: 74.3 MB.
System memory in use after: 74.4 MB.

Unloading 5 unused Assets to reduce memory usage. Loaded Objects now: 1681.
Total: 1.911600 ms (FindLiveObjects: 0.159400 ms CreateObjectMapping: 0.039200 ms MarkObjects: 1.660700 ms  DeleteObjects: 0.051200 ms)

========================================================================
Received Prepare
Registering precompiled user dll's ...
Registered in 0.001091 seconds.
Begin MonoManager ReloadAssembly
Native extension for WindowsStandalone target not found
Native extension for WebGL target not found
Refreshing native plugins compatible for Editor in 0.28 ms, found 0 plugins.
Preloading 0 native plugins for Editor in 0.00 ms.
Invoked RoslynAnalysisRunner static constructor.
RoslynAnalysisRunner will not be running.
RoslynAnalysisRunner has terminated.
Mono: successfully reloaded assembly
- Completed reload, in  1.031 seconds
Platform modules already initialized, skipping
Refreshing native plugins compatible for Editor in 0.34 ms, found 0 plugins.
Preloading 0 native plugins for Editor in 0.00 ms.
Unloading 1114 Unused Serialized files (Serialized files now loaded: 0)
System memory in use before: 74.4 MB.
System memory in use after: 74.4 MB.

Unloading 5 unused Assets to reduce memory usage. Loaded Objects now: 1684.
Total: 2.217700 ms (FindLiveObjects: 0.156700 ms CreateObjectMapping: 0.086100 ms MarkObjects: 1.887300 ms  DeleteObjects: 0.085800 ms)

========================================================================
Received Prepare
Registering precompiled user dll's ...
Registered in 0.001831 seconds.
Begin MonoManager ReloadAssembly
Native extension for WindowsStandalone target not found
Native extension for WebGL target not found
Refreshing native plugins compatible for Editor in 0.20 ms, found 0 plugins.
Preloading 0 native plugins for Editor in 0.00 ms.
Invoked RoslynAnalysisRunner static constructor.
RoslynAnalysisRunner will not be running.
RoslynAnalysisRunner has terminated.
Mono: successfully reloaded assembly
- Completed reload, in  0.981 seconds
Platform modules already initialized, skipping
Refreshing native plugins compatible for Editor in 0.20 ms, found 0 plugins.
Preloading 0 native plugins for Editor in 0.00 ms.
Unloading 1114 Unused Serialized files (Serialized files now loaded: 0)
System memory in use before: 74.4 MB.
System memory in use after: 74.4 MB.

Unloading 5 unused Assets to reduce memory usage. Loaded Objects now: 1687.
Total: 2.215400 ms (FindLiveObjects: 0.147700 ms CreateObjectMapping: 0.038500 ms MarkObjects: 1.919600 ms  DeleteObjects: 0.108500 ms)

========================================================================
Received Prepare
Registering precompiled user dll's ...
Registered in 0.001107 seconds.
Begin MonoManager ReloadAssembly
Native extension for WindowsStandalone target not found
Native extension for WebGL target not found
Refreshing native plugins compatible for Editor in 0.22 ms, found 0 plugins.
Preloading 0 native plugins for Editor in 0.00 ms.
Invoked RoslynAnalysisRunner static constructor.
RoslynAnalysisRunner will not be running.
RoslynAnalysisRunner has terminated.
Mono: successfully reloaded assembly
- Completed reload, in  1.043 seconds
Platform modules already initialized, skipping
Refreshing native plugins compatible for Editor in 0.24 ms, found 0 plugins.
Preloading 0 native plugins for Editor in 0.00 ms.
Unloading 1114 Unused Serialized files (Serialized files now loaded: 0)
System memory in use before: 74.4 MB.
System memory in use after: 74.4 MB.

Unloading 5 unused Assets to reduce memory usage. Loaded Objects now: 1690.
Total: 2.167400 ms (FindLiveObjects: 0.217400 ms CreateObjectMapping: 0.043500 ms MarkObjects: 1.844500 ms  DeleteObjects: 0.060600 ms)

========================================================================
Received Prepare
Registering precompiled user dll's ...
Registered in 0.001375 seconds.
Begin MonoManager ReloadAssembly
Native extension for WindowsStandalone target not found
Native extension for WebGL target not found
Refreshing native plugins compatible for Editor in 0.28 ms, found 0 plugins.
Preloading 0 native plugins for Editor in 0.00 ms.
Invoked RoslynAnalysisRunner static constructor.
RoslynAnalysisRunner will not be running.
RoslynAnalysisRunner has terminated.
Mono: successfully reloaded assembly
- Completed reload, in  1.305 seconds
Platform modules already initialized, skipping
Refreshing native plugins compatible for Editor in 0.46 ms, found 0 plugins.
Preloading 0 native plugins for Editor in 0.00 ms.
Unloading 1114 Unused Serialized files (Serialized files now loaded: 0)
System memory in use before: 74.4 MB.
System memory in use after: 74.4 MB.

Unloading 5 unused Assets to reduce memory usage. Loaded Objects now: 1693.
Total: 3.559700 ms (FindLiveObjects: 0.372100 ms CreateObjectMapping: 0.110400 ms MarkObjects: 2.994700 ms  DeleteObjects: 0.080600 ms)

========================================================================
Received Prepare
Registering precompiled user dll's ...
Registered in 0.001182 seconds.
Begin MonoManager ReloadAssembly
Native extension for WindowsStandalone target not found
Native extension for WebGL target not found
Refreshing native plugins compatible for Editor in 0.30 ms, found 0 plugins.
Preloading 0 native plugins for Editor in 0.00 ms.
Invoked RoslynAnalysisRunner static constructor.
RoslynAnalysisRunner will not be running.
RoslynAnalysisRunner has terminated.
Mono: successfully reloaded assembly
- Completed reload, in  1.113 seconds
Platform modules already initialized, skipping
Refreshing native plugins compatible for Editor in 0.29 ms, found 0 plugins.
Preloading 0 native plugins for Editor in 0.00 ms.
Unloading 1114 Unused Serialized files (Serialized files now loaded: 0)
System memory in use before: 74.4 MB.
System memory in use after: 74.4 MB.

Unloading 5 unused Assets to reduce memory usage. Loaded Objects now: 1696.
Total: 2.011700 ms (FindLiveObjects: 0.193300 ms CreateObjectMapping: 0.043700 ms MarkObjects: 1.699200 ms  DeleteObjects: 0.073900 ms)

========================================================================
Received Prepare
Registering precompiled user dll's ...
Registered in 0.001486 seconds.
Begin MonoManager ReloadAssembly
Native extension for WindowsStandalone target not found
Native extension for WebGL target not found
Refreshing native plugins compatible for Editor in 0.37 ms, found 0 plugins.
Preloading 0 native plugins for Editor in 0.00 ms.
Invoked RoslynAnalysisRunner static constructor.
RoslynAnalysisRunner will not be running.
RoslynAnalysisRunner has terminated.
Mono: successfully reloaded assembly
- Completed reload, in  1.356 seconds
Platform modules already initialized, skipping
Refreshing native plugins compatible for Editor in 0.22 ms, found 0 plugins.
Preloading 0 native plugins for Editor in 0.00 ms.
Unloading 1114 Unused Serialized files (Serialized files now loaded: 0)
System memory in use before: 74.4 MB.
System memory in use after: 74.5 MB.

Unloading 5 unused Assets to reduce memory usage. Loaded Objects now: 1699.
Total: 2.667500 ms (FindLiveObjects: 0.183800 ms CreateObjectMapping: 0.061100 ms MarkObjects: 2.362000 ms  DeleteObjects: 0.058700 ms)

========================================================================
Received Prepare
Registering precompiled user dll's ...
Registered in 0.001511 seconds.
Begin MonoManager ReloadAssembly
Native extension for WindowsStandalone target not found
Native extension for WebGL target not found
Refreshing native plugins compatible for Editor in 0.33 ms, found 0 plugins.
Preloading 0 native plugins for Editor in 0.00 ms.
Invoked RoslynAnalysisRunner static constructor.
RoslynAnalysisRunner will not be running.
RoslynAnalysisRunner has terminated.
Mono: successfully reloaded assembly
- Completed reload, in  1.311 seconds
Platform modules already initialized, skipping
Refreshing native plugins compatible for Editor in 0.24 ms, found 0 plugins.
Preloading 0 native plugins for Editor in 0.00 ms.
Unloading 1114 Unused Serialized files (Serialized files now loaded: 0)
System memory in use before: 74.4 MB.
System memory in use after: 74.5 MB.

Unloading 5 unused Assets to reduce memory usage. Loaded Objects now: 1702.
Total: 1.941300 ms (FindLiveObjects: 0.212400 ms CreateObjectMapping: 0.045400 ms MarkObjects: 1.611300 ms  DeleteObjects: 0.070800 ms)

AssetImportWorkerClient::OnTransportError - code=2 error=End of file
